<?xml version="1.0" encoding="UTF-8"?>
<robot generator="Robot 4.1.3 (Python 3.9.9 on darwin)" generated="20220110 13:23:16.306" rpa="false" schemaversion="2">
<suite id="s1" name="TestSitePractice" source="/Users/brunocarvalho/Documents/SuiteSiteTestePractice/tests/TestSitePractice.robot">
<kw name="Abrir Navegador" library="Resource" type="SETUP">
<kw name="Open Browser" library="SeleniumLibrary">
<arg>http://automationpractice.com/</arg>
<arg>${BROWSER}</arg>
<doc>Opens a new browser instance to the optional ``url``.</doc>
<msg timestamp="20220110 13:23:16.390" level="INFO">Opening browser 'firefox' to base url 'http://automationpractice.com/'.</msg>
<msg timestamp="20220110 13:23:16.391" level="INFO">Firefox driver log is always forced to to: /Users/brunocarvalho/Documents/SuiteSiteTestePractice/tests/geckodriver-2.log</msg>
<status status="PASS" starttime="20220110 13:23:16.390" endtime="20220110 13:23:23.860"/>
</kw>
<status status="PASS" starttime="20220110 13:23:16.390" endtime="20220110 13:23:23.860"/>
</kw>
<test id="s1-t1" name="Caso de Teste 01: Pesquisar produto existente">
<kw name="Acessar a página home do site" library="Resource">
<kw name="Go To" library="SeleniumLibrary">
<arg>http://automationpractice.com/</arg>
<doc>Navigates the current browser window to the provided ``url``.</doc>
<msg timestamp="20220110 13:23:23.862" level="INFO">Opening url 'http://automationpractice.com/'</msg>
<status status="PASS" starttime="20220110 13:23:23.861" endtime="20220110 13:23:26.214"/>
</kw>
<kw name="Title Should Be" library="SeleniumLibrary">
<arg>My Store</arg>
<doc>Verifies that the current page title equals ``title``.</doc>
<msg timestamp="20220110 13:23:26.216" level="INFO">Page title is 'My Store'.</msg>
<status status="PASS" starttime="20220110 13:23:26.215" endtime="20220110 13:23:26.216"/>
</kw>
<status status="PASS" starttime="20220110 13:23:23.861" endtime="20220110 13:23:26.217"/>
</kw>
<kw name="Digitar o nome do produto &quot;Blouse&quot; no campo de pesquisa" library="Resource" sourcename="Digitar o nome do produto &quot;${PRODUTO}&quot; no campo de pesquisa">
<kw name="Input Text" library="SeleniumLibrary">
<arg>name=search_query</arg>
<arg>${PRODUTO}</arg>
<doc>Types the given ``text`` into the text field identified by ``locator``.</doc>
<msg timestamp="20220110 13:23:26.217" level="INFO">Typing text 'Blouse' into text field 'name=search_query'.</msg>
<status status="PASS" starttime="20220110 13:23:26.217" endtime="20220110 13:23:26.243"/>
</kw>
<status status="PASS" starttime="20220110 13:23:26.217" endtime="20220110 13:23:26.243"/>
</kw>
<kw name="Clicar no botão pesquisar" library="Resource">
<kw name="Click Element" library="SeleniumLibrary">
<arg>name=submit_search</arg>
<doc>Click the element identified by ``locator``.</doc>
<msg timestamp="20220110 13:23:26.243" level="INFO">Clicking element 'name=submit_search'.</msg>
<status status="PASS" starttime="20220110 13:23:26.243" endtime="20220110 13:23:28.248"/>
</kw>
<status status="PASS" starttime="20220110 13:23:26.243" endtime="20220110 13:23:28.248"/>
</kw>
<kw name="Conferir se o produto &quot;Blouse&quot; foi listado no site" library="Resource" sourcename="Conferir se o produto &quot;${PRODUTO}&quot; foi listado no site">
<kw name="Wait Until Element Is Visible" library="SeleniumLibrary">
<arg>css=#center_column &gt; h1</arg>
<doc>Waits until the element ``locator`` is visible.</doc>
<status status="PASS" starttime="20220110 13:23:28.249" endtime="20220110 13:23:28.263"/>
</kw>
<kw name="Title Should Be" library="SeleniumLibrary">
<arg>Search - My Store</arg>
<doc>Verifies that the current page title equals ``title``.</doc>
<msg timestamp="20220110 13:23:28.265" level="INFO">Page title is 'Search - My Store'.</msg>
<status status="PASS" starttime="20220110 13:23:28.263" endtime="20220110 13:23:28.265"/>
</kw>
<kw name="Page Should Contain Image" library="SeleniumLibrary">
<arg>xpath=//*[@id="center_column"]//*[@src='http://automationpractice.com/img/p/7/7-home_default.jpg']</arg>
<doc>Verifies image identified by ``locator`` is found from current page.</doc>
<msg timestamp="20220110 13:23:28.270" level="INFO">Current page contains image 'xpath=//*[@id="center_column"]//*[@src='http://automationpractice.com/img/p/7/7-home_default.jpg']'.</msg>
<status status="PASS" starttime="20220110 13:23:28.265" endtime="20220110 13:23:28.270"/>
</kw>
<kw name="Page Should Contain Link" library="SeleniumLibrary">
<arg>xpath=//*[@id="center_column"]//a[@class="product-name"][contains(text(),"${PRODUTO}")]</arg>
<doc>Verifies link identified by ``locator`` is found from current page.</doc>
<msg timestamp="20220110 13:23:28.276" level="INFO">Current page contains link 'xpath=//*[@id="center_column"]//a[@class="product-name"][contains(text(),"Blouse")]'.</msg>
<status status="PASS" starttime="20220110 13:23:28.270" endtime="20220110 13:23:28.276"/>
</kw>
<status status="PASS" starttime="20220110 13:23:28.249" endtime="20220110 13:23:28.276"/>
</kw>
<status status="PASS" starttime="20220110 13:23:23.860" endtime="20220110 13:23:28.276"/>
</test>
<kw name="Fechar Navegador" library="Resource" type="TEARDOWN">
<kw name="Close Browser" library="SeleniumLibrary">
<doc>Closes the current browser.</doc>
<status status="PASS" starttime="20220110 13:23:28.277" endtime="20220110 13:23:28.650"/>
</kw>
<status status="PASS" starttime="20220110 13:23:28.277" endtime="20220110 13:23:28.650"/>
</kw>
<status status="PASS" starttime="20220110 13:23:16.306" endtime="20220110 13:23:28.650"/>
</suite>
<statistics>
<total>
<stat pass="1" fail="0" skip="0">All Tests</stat>
</total>
<tag>
</tag>
<suite>
<stat pass="1" fail="0" skip="0" id="s1" name="TestSitePractice">TestSitePractice</stat>
</suite>
</statistics>
<errors>
</errors>
</robot>
